2023-04-26 13:16:46,919 - Error rotating coordinates for origin [-94.1827419  36.0502882]: Invalid projection: +proj=tmerc +lon_0=36.0502882 +lat_0=-94.1827419 +type=crs: (Internal Proj Error: proj_create: Error 1027 (Invalid value for an argument): tmerc: Invalid value for lat_0: |lat_0| should be <= 90°)
2023-04-26 13:16:46,919 - Error rotating coordinates for origin [-94.1827419  36.0502882]: Invalid projection: +proj=tmerc +lon_0=36.0502882 +lat_0=-94.1827419 +type=crs: (Internal Proj Error: proj_create: Error 1027 (Invalid value for an argument): tmerc: Invalid value for lat_0: |lat_0| should be <= 90°)
2023-04-26 13:16:46,920 - Error rotating coordinates for origin [-94.1827419  36.0502882]: Invalid projection: +proj=tmerc +lon_0=36.0502882 +lat_0=-94.1827419 +type=crs: (Internal Proj Error: proj_create: Error 1027 (Invalid value for an argument): tmerc: Invalid value for lat_0: |lat_0| should be <= 90°)
2023-04-26 13:16:46,926 - Error rotating coordinates for origin [-91.1877972  30.4061259]: Invalid projection: +proj=tmerc +lon_0=30.4061259 +lat_0=-91.1877972 +type=crs: (Internal Proj Error: proj_create: Error 1027 (Invalid value for an argument): tmerc: Invalid value for lat_0: |lat_0| should be <= 90°)
2023-04-26 13:16:46,926 - Error rotating coordinates for origin [-91.1877972  30.4061259]: Invalid projection: +proj=tmerc +lon_0=30.4061259 +lat_0=-91.1877972 +type=crs: (Internal Proj Error: proj_create: Error 1027 (Invalid value for an argument): tmerc: Invalid value for lat_0: |lat_0| should be <= 90°)
2023-04-26 13:16:46,927 - Error rotating coordinates for origin [-91.1877972  30.4061259]: Invalid projection: +proj=tmerc +lon_0=30.4061259 +lat_0=-91.1877972 +type=crs: (Internal Proj Error: proj_create: Error 1027 (Invalid value for an argument): tmerc: Invalid value for lat_0: |lat_0| should be <= 90°)
2023-04-26 13:16:46,983 - Error rotating coordinates for origin [-93.748501   44.9061798]: Invalid projection: +proj=tmerc +lon_0=44.9061798 +lat_0=-93.748501 +type=crs: (Internal Proj Error: proj_create: Error 1027 (Invalid value for an argument): tmerc: Invalid value for lat_0: |lat_0| should be <= 90°)
2023-04-26 13:16:46,983 - Error rotating coordinates for origin [-93.748501   44.9061798]: Invalid projection: +proj=tmerc +lon_0=44.9061798 +lat_0=-93.748501 +type=crs: (Internal Proj Error: proj_create: Error 1027 (Invalid value for an argument): tmerc: Invalid value for lat_0: |lat_0| should be <= 90°)
2023-04-26 13:16:46,983 - Error rotating coordinates for origin [-93.748501   44.9061798]: Invalid projection: +proj=tmerc +lon_0=44.9061798 +lat_0=-93.748501 +type=crs: (Internal Proj Error: proj_create: Error 1027 (Invalid value for an argument): tmerc: Invalid value for lat_0: |lat_0| should be <= 90°)
2023-04-26 13:16:46,984 - Error rotating coordinates for origin [-97.4421601  32.6418776]: Invalid projection: +proj=tmerc +lon_0=32.6418776 +lat_0=-97.4421601 +type=crs: (Internal Proj Error: proj_create: Error 1027 (Invalid value for an argument): tmerc: Invalid value for lat_0: |lat_0| should be <= 90°)
2023-04-26 13:16:46,984 - Error rotating coordinates for origin [-97.4421601  32.6418776]: Invalid projection: +proj=tmerc +lon_0=32.6418776 +lat_0=-97.4421601 +type=crs: (Internal Proj Error: proj_create: Error 1027 (Invalid value for an argument): tmerc: Invalid value for lat_0: |lat_0| should be <= 90°)
2023-04-26 13:16:46,985 - Error rotating coordinates for origin [-97.4421601  32.6418776]: Invalid projection: +proj=tmerc +lon_0=32.6418776 +lat_0=-97.4421601 +type=crs: (Internal Proj Error: proj_create: Error 1027 (Invalid value for an argument): tmerc: Invalid value for lat_0: |lat_0| should be <= 90°)
2023-04-26 13:16:47,201 - Error rotating coordinates for origin [-90.1514578  46.457154 ]: Invalid projection: +proj=tmerc +lon_0=46.457154 +lat_0=-90.1514578 +type=crs: (Internal Proj Error: proj_create: Error 1027 (Invalid value for an argument): tmerc: Invalid value for lat_0: |lat_0| should be <= 90°)
2023-04-26 13:16:47,201 - Error rotating coordinates for origin [-90.1514578  46.457154 ]: Invalid projection: +proj=tmerc +lon_0=46.457154 +lat_0=-90.1514578 +type=crs: (Internal Proj Error: proj_create: Error 1027 (Invalid value for an argument): tmerc: Invalid value for lat_0: |lat_0| should be <= 90°)
2023-04-26 13:16:47,202 - Error rotating coordinates for origin [-90.1514578  46.457154 ]: Invalid projection: +proj=tmerc +lon_0=46.457154 +lat_0=-90.1514578 +type=crs: (Internal Proj Error: proj_create: Error 1027 (Invalid value for an argument): tmerc: Invalid value for lat_0: |lat_0| should be <= 90°)
2023-04-26 13:16:47,202 - Error rotating coordinates for origin [-122.2010782   37.7513245]: Invalid projection: +proj=tmerc +lon_0=37.7513245 +lat_0=-122.2010782 +type=crs: (Internal Proj Error: proj_create: Error 1027 (Invalid value for an argument): tmerc: Invalid value for lat_0: |lat_0| should be <= 90°)
2023-04-26 13:16:47,203 - Error rotating coordinates for origin [-122.2010782   37.7513245]: Invalid projection: +proj=tmerc +lon_0=37.7513245 +lat_0=-122.2010782 +type=crs: (Internal Proj Error: proj_create: Error 1027 (Invalid value for an argument): tmerc: Invalid value for lat_0: |lat_0| should be <= 90°)
2023-04-26 13:16:47,203 - Error rotating coordinates for origin [-122.2010782   37.7513245]: Invalid projection: +proj=tmerc +lon_0=37.7513245 +lat_0=-122.2010782 +type=crs: (Internal Proj Error: proj_create: Error 1027 (Invalid value for an argument): tmerc: Invalid value for lat_0: |lat_0| should be <= 90°)
2023-04-26 13:16:47,253 - Error rotating coordinates for origin [-122.3899141   37.7783659]: Invalid projection: +proj=tmerc +lon_0=37.7783659 +lat_0=-122.3899141 +type=crs: (Internal Proj Error: proj_create: Error 1027 (Invalid value for an argument): tmerc: Invalid value for lat_0: |lat_0| should be <= 90°)
2023-04-26 13:16:47,254 - Error rotating coordinates for origin [-122.3899141   37.7783659]: Invalid projection: +proj=tmerc +lon_0=37.7783659 +lat_0=-122.3899141 +type=crs: (Internal Proj Error: proj_create: Error 1027 (Invalid value for an argument): tmerc: Invalid value for lat_0: |lat_0| should be <= 90°)
2023-04-26 13:16:47,254 - Error rotating coordinates for origin [-122.3899141   37.7783659]: Invalid projection: +proj=tmerc +lon_0=37.7783659 +lat_0=-122.3899141 +type=crs: (Internal Proj Error: proj_create: Error 1027 (Invalid value for an argument): tmerc: Invalid value for lat_0: |lat_0| should be <= 90°)
2023-04-26 13:16:47,255 - Error rotating coordinates for origin [-117.1570704   32.7070497]: Invalid projection: +proj=tmerc +lon_0=32.7070497 +lat_0=-117.1570704 +type=crs: (Internal Proj Error: proj_create: Error 1027 (Invalid value for an argument): tmerc: Invalid value for lat_0: |lat_0| should be <= 90°)
2023-04-26 13:16:47,255 - Error rotating coordinates for origin [-117.1570704   32.7070497]: Invalid projection: +proj=tmerc +lon_0=32.7070497 +lat_0=-117.1570704 +type=crs: (Internal Proj Error: proj_create: Error 1027 (Invalid value for an argument): tmerc: Invalid value for lat_0: |lat_0| should be <= 90°)
2023-04-26 13:16:47,256 - Error rotating coordinates for origin [-117.1570704   32.7070497]: Invalid projection: +proj=tmerc +lon_0=32.7070497 +lat_0=-117.1570704 +type=crs: (Internal Proj Error: proj_create: Error 1027 (Invalid value for an argument): tmerc: Invalid value for lat_0: |lat_0| should be <= 90°)
2023-04-26 13:16:47,274 - Error rotating coordinates for origin [-93.2783009  44.9817134]: Invalid projection: +proj=tmerc +lon_0=44.9817134 +lat_0=-93.2783009 +type=crs: (Internal Proj Error: proj_create: Error 1027 (Invalid value for an argument): tmerc: Invalid value for lat_0: |lat_0| should be <= 90°)
2023-04-26 13:16:47,274 - Error rotating coordinates for origin [-93.2783009  44.9817134]: Invalid projection: +proj=tmerc +lon_0=44.9817134 +lat_0=-93.2783009 +type=crs: (Internal Proj Error: proj_create: Error 1027 (Invalid value for an argument): tmerc: Invalid value for lat_0: |lat_0| should be <= 90°)
2023-04-26 13:16:47,275 - Error rotating coordinates for origin [-93.2783009  44.9817134]: Invalid projection: +proj=tmerc +lon_0=44.9817134 +lat_0=-93.2783009 +type=crs: (Internal Proj Error: proj_create: Error 1027 (Invalid value for an argument): tmerc: Invalid value for lat_0: |lat_0| should be <= 90°)
2023-04-26 13:16:47,331 - Error rotating coordinates for origin [-94.4808181  39.0512446]: Invalid projection: +proj=tmerc +lon_0=39.0512446 +lat_0=-94.4808181 +type=crs: (Internal Proj Error: proj_create: Error 1027 (Invalid value for an argument): tmerc: Invalid value for lat_0: |lat_0| should be <= 90°)
2023-04-26 13:16:47,331 - Error rotating coordinates for origin [-94.4808181  39.0512446]: Invalid projection: +proj=tmerc +lon_0=39.0512446 +lat_0=-94.4808181 +type=crs: (Internal Proj Error: proj_create: Error 1027 (Invalid value for an argument): tmerc: Invalid value for lat_0: |lat_0| should be <= 90°)
2023-04-26 13:16:47,332 - Error rotating coordinates for origin [-94.4808181  39.0512446]: Invalid projection: +proj=tmerc +lon_0=39.0512446 +lat_0=-94.4808181 +type=crs: (Internal Proj Error: proj_create: Error 1027 (Invalid value for an argument): tmerc: Invalid value for lat_0: |lat_0| should be <= 90°)
2023-04-26 13:16:47,332 - Error rotating coordinates for origin [-118.2402338   34.073419 ]: Invalid projection: +proj=tmerc +lon_0=34.073419 +lat_0=-118.2402338 +type=crs: (Internal Proj Error: proj_create: Error 1027 (Invalid value for an argument): tmerc: Invalid value for lat_0: |lat_0| should be <= 90°)
2023-04-26 13:16:47,333 - Error rotating coordinates for origin [-118.2402338   34.073419 ]: Invalid projection: +proj=tmerc +lon_0=34.073419 +lat_0=-118.2402338 +type=crs: (Internal Proj Error: proj_create: Error 1027 (Invalid value for an argument): tmerc: Invalid value for lat_0: |lat_0| should be <= 90°)
2023-04-26 13:16:47,333 - Error rotating coordinates for origin [-118.2402338   34.073419 ]: Invalid projection: +proj=tmerc +lon_0=34.073419 +lat_0=-118.2402338 +type=crs: (Internal Proj Error: proj_create: Error 1027 (Invalid value for an argument): tmerc: Invalid value for lat_0: |lat_0| should be <= 90°)
2023-04-26 13:16:47,333 - Error rotating coordinates for origin [-117.8831711   33.799924 ]: Invalid projection: +proj=tmerc +lon_0=33.799924 +lat_0=-117.8831711 +type=crs: (Internal Proj Error: proj_create: Error 1027 (Invalid value for an argument): tmerc: Invalid value for lat_0: |lat_0| should be <= 90°)
2023-04-26 13:16:47,334 - Error rotating coordinates for origin [-117.8831711   33.799924 ]: Invalid projection: +proj=tmerc +lon_0=33.799924 +lat_0=-117.8831711 +type=crs: (Internal Proj Error: proj_create: Error 1027 (Invalid value for an argument): tmerc: Invalid value for lat_0: |lat_0| should be <= 90°)
2023-04-26 13:16:47,334 - Error rotating coordinates for origin [-117.8831711   33.799924 ]: Invalid projection: +proj=tmerc +lon_0=33.799924 +lat_0=-117.8831711 +type=crs: (Internal Proj Error: proj_create: Error 1027 (Invalid value for an argument): tmerc: Invalid value for lat_0: |lat_0| should be <= 90°)
2023-04-26 13:16:47,368 - Error rotating coordinates for origin [-90.1933926  38.6224083]: Invalid projection: +proj=tmerc +lon_0=38.6224083 +lat_0=-90.1933926 +type=crs: (Internal Proj Error: proj_create: Error 1027 (Invalid value for an argument): tmerc: Invalid value for lat_0: |lat_0| should be <= 90°)
2023-04-26 13:16:47,369 - Error rotating coordinates for origin [-90.1933926  38.6224083]: Invalid projection: +proj=tmerc +lon_0=38.6224083 +lat_0=-90.1933926 +type=crs: (Internal Proj Error: proj_create: Error 1027 (Invalid value for an argument): tmerc: Invalid value for lat_0: |lat_0| should be <= 90°)
2023-04-26 13:16:47,369 - Error rotating coordinates for origin [-90.1933926  38.6224083]: Invalid projection: +proj=tmerc +lon_0=38.6224083 +lat_0=-90.1933926 +type=crs: (Internal Proj Error: proj_create: Error 1027 (Invalid value for an argument): tmerc: Invalid value for lat_0: |lat_0| should be <= 90°)
2023-04-26 13:16:47,369 - Error rotating coordinates for origin [-93.278898   36.6437204]: Invalid projection: +proj=tmerc +lon_0=36.6437204 +lat_0=-93.278898 +type=crs: (Internal Proj Error: proj_create: Error 1027 (Invalid value for an argument): tmerc: Invalid value for lat_0: |lat_0| should be <= 90°)
2023-04-26 13:16:47,370 - Error rotating coordinates for origin [-93.278898   36.6437204]: Invalid projection: +proj=tmerc +lon_0=36.6437204 +lat_0=-93.278898 +type=crs: (Internal Proj Error: proj_create: Error 1027 (Invalid value for an argument): tmerc: Invalid value for lat_0: |lat_0| should be <= 90°)
2023-04-26 13:16:47,370 - Error rotating coordinates for origin [-93.278898   36.6437204]: Invalid projection: +proj=tmerc +lon_0=36.6437204 +lat_0=-93.278898 +type=crs: (Internal Proj Error: proj_create: Error 1027 (Invalid value for an argument): tmerc: Invalid value for lat_0: |lat_0| should be <= 90°)
2023-04-26 13:16:47,371 - Error rotating coordinates for origin [-93.2783025  36.6454634]: Invalid projection: +proj=tmerc +lon_0=36.6454634 +lat_0=-93.2783025 +type=crs: (Internal Proj Error: proj_create: Error 1027 (Invalid value for an argument): tmerc: Invalid value for lat_0: |lat_0| should be <= 90°)
2023-04-26 13:16:47,371 - Error rotating coordinates for origin [-93.2783025  36.6454634]: Invalid projection: +proj=tmerc +lon_0=36.6454634 +lat_0=-93.2783025 +type=crs: (Internal Proj Error: proj_create: Error 1027 (Invalid value for an argument): tmerc: Invalid value for lat_0: |lat_0| should be <= 90°)
2023-04-26 13:16:47,372 - Error rotating coordinates for origin [-93.2783025  36.6454634]: Invalid projection: +proj=tmerc +lon_0=36.6454634 +lat_0=-93.2783025 +type=crs: (Internal Proj Error: proj_create: Error 1027 (Invalid value for an argument): tmerc: Invalid value for lat_0: |lat_0| should be <= 90°)
2023-04-26 13:16:47,372 - Error rotating coordinates for origin [-93.2768758  36.6460431]: Invalid projection: +proj=tmerc +lon_0=36.6460431 +lat_0=-93.2768758 +type=crs: (Internal Proj Error: proj_create: Error 1027 (Invalid value for an argument): tmerc: Invalid value for lat_0: |lat_0| should be <= 90°)
2023-04-26 13:16:47,372 - Error rotating coordinates for origin [-93.2768758  36.6460431]: Invalid projection: +proj=tmerc +lon_0=36.6460431 +lat_0=-93.2768758 +type=crs: (Internal Proj Error: proj_create: Error 1027 (Invalid value for an argument): tmerc: Invalid value for lat_0: |lat_0| should be <= 90°)
2023-04-26 13:16:47,373 - Error rotating coordinates for origin [-93.2768758  36.6460431]: Invalid projection: +proj=tmerc +lon_0=36.6460431 +lat_0=-93.2768758 +type=crs: (Internal Proj Error: proj_create: Error 1027 (Invalid value for an argument): tmerc: Invalid value for lat_0: |lat_0| should be <= 90°)
2023-04-26 13:16:47,373 - Error rotating coordinates for origin [-93.2753848  36.6465858]: Invalid projection: +proj=tmerc +lon_0=36.6465858 +lat_0=-93.2753848 +type=crs: (Internal Proj Error: proj_create: Error 1027 (Invalid value for an argument): tmerc: Invalid value for lat_0: |lat_0| should be <= 90°)
2023-04-26 13:16:47,374 - Error rotating coordinates for origin [-93.2753848  36.6465858]: Invalid projection: +proj=tmerc +lon_0=36.6465858 +lat_0=-93.2753848 +type=crs: (Internal Proj Error: proj_create: Error 1027 (Invalid value for an argument): tmerc: Invalid value for lat_0: |lat_0| should be <= 90°)
2023-04-26 13:16:47,374 - Error rotating coordinates for origin [-93.2753848  36.6465858]: Invalid projection: +proj=tmerc +lon_0=36.6465858 +lat_0=-93.2753848 +type=crs: (Internal Proj Error: proj_create: Error 1027 (Invalid value for an argument): tmerc: Invalid value for lat_0: |lat_0| should be <= 90°)
2023-04-26 13:16:47,374 - Error rotating coordinates for origin [-93.2745409  36.6468267]: Invalid projection: +proj=tmerc +lon_0=36.6468267 +lat_0=-93.2745409 +type=crs: (Internal Proj Error: proj_create: Error 1027 (Invalid value for an argument): tmerc: Invalid value for lat_0: |lat_0| should be <= 90°)
2023-04-26 13:16:47,375 - Error rotating coordinates for origin [-93.2745409  36.6468267]: Invalid projection: +proj=tmerc +lon_0=36.6468267 +lat_0=-93.2745409 +type=crs: (Internal Proj Error: proj_create: Error 1027 (Invalid value for an argument): tmerc: Invalid value for lat_0: |lat_0| should be <= 90°)
2023-04-26 13:16:47,376 - Error rotating coordinates for origin [-93.2745409  36.6468267]: Invalid projection: +proj=tmerc +lon_0=36.6468267 +lat_0=-93.2745409 +type=crs: (Internal Proj Error: proj_create: Error 1027 (Invalid value for an argument): tmerc: Invalid value for lat_0: |lat_0| should be <= 90°)
2023-04-26 13:16:47,411 - Error rotating coordinates for origin [-91.5549259  41.6609412]: Invalid projection: +proj=tmerc +lon_0=41.6609412 +lat_0=-91.5549259 +type=crs: (Internal Proj Error: proj_create: Error 1027 (Invalid value for an argument): tmerc: Invalid value for lat_0: |lat_0| should be <= 90°)
2023-04-26 13:16:47,412 - Error rotating coordinates for origin [-91.5549259  41.6609412]: Invalid projection: +proj=tmerc +lon_0=41.6609412 +lat_0=-91.5549259 +type=crs: (Internal Proj Error: proj_create: Error 1027 (Invalid value for an argument): tmerc: Invalid value for lat_0: |lat_0| should be <= 90°)
2023-04-26 13:16:47,413 - Error rotating coordinates for origin [-91.5549259  41.6609412]: Invalid projection: +proj=tmerc +lon_0=41.6609412 +lat_0=-91.5549259 +type=crs: (Internal Proj Error: proj_create: Error 1027 (Invalid value for an argument): tmerc: Invalid value for lat_0: |lat_0| should be <= 90°)
2023-04-26 13:16:47,505 - Error rotating coordinates for origin [-96.7139406  40.8231444]: Invalid projection: +proj=tmerc +lon_0=40.8231444 +lat_0=-96.7139406 +type=crs: (Internal Proj Error: proj_create: Error 1027 (Invalid value for an argument): tmerc: Invalid value for lat_0: |lat_0| should be <= 90°)
2023-04-26 13:16:47,506 - Error rotating coordinates for origin [-96.7139406  40.8231444]: Invalid projection: +proj=tmerc +lon_0=40.8231444 +lat_0=-96.7139406 +type=crs: (Internal Proj Error: proj_create: Error 1027 (Invalid value for an argument): tmerc: Invalid value for lat_0: |lat_0| should be <= 90°)
2023-04-26 13:16:47,506 - Error rotating coordinates for origin [-96.7139406  40.8231444]: Invalid projection: +proj=tmerc +lon_0=40.8231444 +lat_0=-96.7139406 +type=crs: (Internal Proj Error: proj_create: Error 1027 (Invalid value for an argument): tmerc: Invalid value for lat_0: |lat_0| should be <= 90°)
2023-04-26 13:16:47,524 - Error rotating coordinates for origin [-93.2297488  44.9825943]: Invalid projection: +proj=tmerc +lon_0=44.9825943 +lat_0=-93.2297488 +type=crs: (Internal Proj Error: proj_create: Error 1027 (Invalid value for an argument): tmerc: Invalid value for lat_0: |lat_0| should be <= 90°)
2023-04-26 13:16:47,524 - Error rotating coordinates for origin [-93.2297488  44.9825943]: Invalid projection: +proj=tmerc +lon_0=44.9825943 +lat_0=-93.2297488 +type=crs: (Internal Proj Error: proj_create: Error 1027 (Invalid value for an argument): tmerc: Invalid value for lat_0: |lat_0| should be <= 90°)
2023-04-26 13:16:47,525 - Error rotating coordinates for origin [-93.2297488  44.9825943]: Invalid projection: +proj=tmerc +lon_0=44.9825943 +lat_0=-93.2297488 +type=crs: (Internal Proj Error: proj_create: Error 1027 (Invalid value for an argument): tmerc: Invalid value for lat_0: |lat_0| should be <= 90°)
2023-04-26 13:16:47,544 - Error rotating coordinates for origin [-95.9320239  41.2671943]: Invalid projection: +proj=tmerc +lon_0=41.2671943 +lat_0=-95.9320239 +type=crs: (Internal Proj Error: proj_create: Error 1027 (Invalid value for an argument): tmerc: Invalid value for lat_0: |lat_0| should be <= 90°)
2023-04-26 13:16:47,544 - Error rotating coordinates for origin [-95.9320239  41.2671943]: Invalid projection: +proj=tmerc +lon_0=41.2671943 +lat_0=-95.9320239 +type=crs: (Internal Proj Error: proj_create: Error 1027 (Invalid value for an argument): tmerc: Invalid value for lat_0: |lat_0| should be <= 90°)
2023-04-26 13:16:47,545 - Error rotating coordinates for origin [-95.9320239  41.2671943]: Invalid projection: +proj=tmerc +lon_0=41.2671943 +lat_0=-95.9320239 +type=crs: (Internal Proj Error: proj_create: Error 1027 (Invalid value for an argument): tmerc: Invalid value for lat_0: |lat_0| should be <= 90°)
2023-04-26 13:16:47,573 - Error processing record with home_plate [-71.1280266  41.5539214]: 'MultiPolygon' object has no attribute 'exterior'
2023-04-26 13:16:49,507 - Error rotating coordinates for origin [-94.1130621  34.8991136]: Invalid projection: +proj=tmerc +lon_0=34.8991136 +lat_0=-94.1130621 +type=crs: (Internal Proj Error: proj_create: Error 1027 (Invalid value for an argument): tmerc: Invalid value for lat_0: |lat_0| should be <= 90°)
2023-04-26 13:16:49,507 - Error rotating coordinates for origin [-94.1130621  34.8991136]: Invalid projection: +proj=tmerc +lon_0=34.8991136 +lat_0=-94.1130621 +type=crs: (Internal Proj Error: proj_create: Error 1027 (Invalid value for an argument): tmerc: Invalid value for lat_0: |lat_0| should be <= 90°)
2023-04-26 13:16:49,508 - Error rotating coordinates for origin [-94.1130621  34.8991136]: Invalid projection: +proj=tmerc +lon_0=34.8991136 +lat_0=-94.1130621 +type=crs: (Internal Proj Error: proj_create: Error 1027 (Invalid value for an argument): tmerc: Invalid value for lat_0: |lat_0| should be <= 90°)
2023-04-26 13:16:51,527 - Error processing record with home_plate [-87.6549256  41.9479988]: 'MultiPolygon' object has no attribute 'exterior'
2023-04-26 13:16:51,949 - Error rotating coordinates for origin [-97.3505135  32.8685144]: Invalid projection: +proj=tmerc +lon_0=32.8685144 +lat_0=-97.3505135 +type=crs: (Internal Proj Error: proj_create: Error 1027 (Invalid value for an argument): tmerc: Invalid value for lat_0: |lat_0| should be <= 90°)
2023-04-26 13:16:51,949 - Error rotating coordinates for origin [-97.3505135  32.8685144]: Invalid projection: +proj=tmerc +lon_0=32.8685144 +lat_0=-97.3505135 +type=crs: (Internal Proj Error: proj_create: Error 1027 (Invalid value for an argument): tmerc: Invalid value for lat_0: |lat_0| should be <= 90°)
2023-04-26 13:16:51,950 - Error rotating coordinates for origin [-97.3505135  32.8685144]: Invalid projection: +proj=tmerc +lon_0=32.8685144 +lat_0=-97.3505135 +type=crs: (Internal Proj Error: proj_create: Error 1027 (Invalid value for an argument): tmerc: Invalid value for lat_0: |lat_0| should be <= 90°)
2023-04-26 13:16:52,783 - Error processing record with home_plate [-83.77427962  42.30418143]: 'MultiPolygon' object has no attribute 'exterior'
2023-04-26 13:16:53,074 - Error processing record with home_plate [-86.4612294   42.10192805]: 'GeometryCollection' object has no attribute 'exterior'
2023-04-26 13:16:53,421 - Error processing record with home_plate [-83.49030791  42.34419403]: 'MultiPolygon' object has no attribute 'exterior'
2023-04-26 13:16:53,723 - Error rotating coordinates for origin [-104.9942091   39.7557176]: Invalid projection: +proj=tmerc +lon_0=39.7557176 +lat_0=-104.9942091 +type=crs: (Internal Proj Error: proj_create: Error 1027 (Invalid value for an argument): tmerc: Invalid value for lat_0: |lat_0| should be <= 90°)
2023-04-26 13:16:53,724 - Error rotating coordinates for origin [-104.9942091   39.7557176]: Invalid projection: +proj=tmerc +lon_0=39.7557176 +lat_0=-104.9942091 +type=crs: (Internal Proj Error: proj_create: Error 1027 (Invalid value for an argument): tmerc: Invalid value for lat_0: |lat_0| should be <= 90°)
2023-04-26 13:16:53,724 - Error rotating coordinates for origin [-104.9942091   39.7557176]: Invalid projection: +proj=tmerc +lon_0=39.7557176 +lat_0=-104.9942091 +type=crs: (Internal Proj Error: proj_create: Error 1027 (Invalid value for an argument): tmerc: Invalid value for lat_0: |lat_0| should be <= 90°)
2023-04-26 13:16:53,977 - Error processing record with home_plate [-86.4669989  42.0553211]: 'MultiPolygon' object has no attribute 'exterior'
2023-04-26 13:16:54,397 - Error processing record with home_plate [-84.66631875  45.04793606]: 'MultiPolygon' object has no attribute 'exterior'
2023-04-26 13:16:55,184 - Error processing record with home_plate [-84.81280525  42.13860766]: 'MultiPolygon' object has no attribute 'exterior'
2023-04-26 13:16:56,225 - Error processing record with home_plate [-84.03684773  42.15483605]: 'MultiPolygon' object has no attribute 'exterior'
2023-04-26 13:16:57,442 - Error processing record with home_plate [-85.44507205  42.37310653]: 'MultiPolygon' object has no attribute 'exterior'
2023-04-26 13:16:57,453 - Error processing record with home_plate [-85.44065075  42.37122085]: 'MultiPolygon' object has no attribute 'exterior'
2023-04-26 13:16:57,811 - Error processing record with home_plate [-84.6970611   43.51976686]: 'MultiPolygon' object has no attribute 'exterior'
2023-04-26 13:16:57,972 - Error processing record with home_plate [-81.6852859  41.4955434]: 'MultiPolygon' object has no attribute 'exterior'
2023-04-26 13:16:58,096 - Error processing record with home_plate [-85.58003968  44.74951887]: 'MultiPolygon' object has no attribute 'exterior'
2023-04-26 13:16:58,153 - Error processing record with home_plate [-85.68623365  44.75083148]: 'MultiPolygon' object has no attribute 'exterior'
